{"/Volumes/profession/mystery-home/products/mister-trainer/lambda-functions/tell-me-about/es5/index.js": {"path":"/Volumes/profession/mystery-home/products/mister-trainer/lambda-functions/tell-me-about/es5/index.js","statementMap":{"0":{"start":{"line":1,"column":13},"end":{"line":1,"column":68}},"1":{"start":{"line":1,"column":92},"end":{"line":1,"column":130}},"2":{"start":{"line":1,"column":154},"end":{"line":1,"column":192}},"3":{"start":{"line":1,"column":208},"end":{"line":1,"column":300}},"4":{"start":{"line":1,"column":222},"end":{"line":1,"column":299}},"5":{"start":{"line":1,"column":243},"end":{"line":1,"column":299}},"6":{"start":{"line":1,"column":313},"end":{"line":1,"column":555}},"7":{"start":{"line":1,"column":340},"end":{"line":1,"column":489}},"8":{"start":{"line":1,"column":374},"end":{"line":1,"column":378}},"9":{"start":{"line":1,"column":379},"end":{"line":1,"column":488}},"10":{"start":{"line":1,"column":490},"end":{"line":1,"column":552}},"11":{"start":{"line":1,"column":513},"end":{"line":1,"column":551}},"12":{"start":{"line":1,"column":562},"end":{"line":1,"column":578}},"13":{"start":{"line":1,"column":597},"end":{"line":1,"column":4231}},"14":{"start":{"line":1,"column":621},"end":{"line":1,"column":902}},"15":{"start":{"line":1,"column":903},"end":{"line":1,"column":4228}},"16":{"start":{"line":1,"column":961},"end":{"line":1,"column":1127}},"17":{"start":{"line":1,"column":1006},"end":{"line":1,"column":1126}},"18":{"start":{"line":1,"column":1133},"end":{"line":1,"column":1170}},"19":{"start":{"line":1,"column":1173},"end":{"line":1,"column":1243}},"20":{"start":{"line":1,"column":1244},"end":{"line":1,"column":1475}},"21":{"start":{"line":1,"column":1296},"end":{"line":1,"column":1399}},"22":{"start":{"line":1,"column":1420},"end":{"line":1,"column":1473}},"23":{"start":{"line":1,"column":1525},"end":{"line":1,"column":1582}},"24":{"start":{"line":1,"column":1583},"end":{"line":1,"column":1654}},"25":{"start":{"line":1,"column":1609},"end":{"line":1,"column":1652}},"26":{"start":{"line":1,"column":1702},"end":{"line":1,"column":1759}},"27":{"start":{"line":1,"column":1762},"end":{"line":1,"column":1826}},"28":{"start":{"line":1,"column":1781},"end":{"line":1,"column":1824}},"29":{"start":{"line":1,"column":1827},"end":{"line":1,"column":1897}},"30":{"start":{"line":1,"column":1945},"end":{"line":1,"column":2052}},"31":{"start":{"line":1,"column":1982},"end":{"line":1,"column":2026}},"32":{"start":{"line":1,"column":2103},"end":{"line":1,"column":2213}},"33":{"start":{"line":1,"column":2143},"end":{"line":1,"column":2187}},"34":{"start":{"line":1,"column":2259},"end":{"line":1,"column":2354}},"35":{"start":{"line":1,"column":2355},"end":{"line":1,"column":2429}},"36":{"start":{"line":1,"column":2477},"end":{"line":1,"column":2483}},"37":{"start":{"line":1,"column":2486},"end":{"line":1,"column":2492}},"38":{"start":{"line":1,"column":2493},"end":{"line":1,"column":2552}},"39":{"start":{"line":1,"column":2497},"end":{"line":1,"column":2541}},"40":{"start":{"line":1,"column":2552},"end":{"line":1,"column":2639}},"41":{"start":{"line":1,"column":2556},"end":{"line":1,"column":2628}},"42":{"start":{"line":1,"column":2645},"end":{"line":1,"column":2697}},"43":{"start":{"line":1,"column":2700},"end":{"line":1,"column":2764}},"44":{"start":{"line":1,"column":2765},"end":{"line":1,"column":2967}},"45":{"start":{"line":1,"column":2837},"end":{"line":1,"column":2893}},"46":{"start":{"line":1,"column":2914},"end":{"line":1,"column":2965}},"47":{"start":{"line":1,"column":3021},"end":{"line":1,"column":3049}},"48":{"start":{"line":1,"column":3052},"end":{"line":1,"column":3119}},"49":{"start":{"line":1,"column":3122},"end":{"line":1,"column":3126}},"50":{"start":{"line":1,"column":3127},"end":{"line":1,"column":4000}},"51":{"start":{"line":1,"column":3164},"end":{"line":1,"column":3226}},"52":{"start":{"line":1,"column":3232},"end":{"line":1,"column":3238}},"53":{"start":{"line":1,"column":3239},"end":{"line":1,"column":3701}},"54":{"start":{"line":1,"column":3270},"end":{"line":1,"column":3355}},"55":{"start":{"line":1,"column":3294},"end":{"line":1,"column":3307}},"56":{"start":{"line":1,"column":3330},"end":{"line":1,"column":3353}},"57":{"start":{"line":1,"column":3358},"end":{"line":1,"column":3406}},"58":{"start":{"line":1,"column":3379},"end":{"line":1,"column":3404}},"59":{"start":{"line":1,"column":3409},"end":{"line":1,"column":3460}},"60":{"start":{"line":1,"column":3430},"end":{"line":1,"column":3458}},"61":{"start":{"line":1,"column":3463},"end":{"line":1,"column":3508}},"62":{"start":{"line":1,"column":3484},"end":{"line":1,"column":3506}},"63":{"start":{"line":1,"column":3511},"end":{"line":1,"column":3563}},"64":{"start":{"line":1,"column":3532},"end":{"line":1,"column":3561}},"65":{"start":{"line":1,"column":3564},"end":{"line":1,"column":3700}},"66":{"start":{"line":1,"column":3707},"end":{"line":1,"column":3750}},"67":{"start":{"line":1,"column":3751},"end":{"line":1,"column":3820}},"68":{"start":{"line":1,"column":3826},"end":{"line":1,"column":3832}},"69":{"start":{"line":1,"column":3835},"end":{"line":1,"column":3841}},"70":{"start":{"line":1,"column":3842},"end":{"line":1,"column":3957}},"71":{"start":{"line":1,"column":3867},"end":{"line":1,"column":3881}},"72":{"start":{"line":1,"column":3887},"end":{"line":1,"column":3891}},"73":{"start":{"line":1,"column":3892},"end":{"line":1,"column":3956}},"74":{"start":{"line":1,"column":3957},"end":{"line":1,"column":3998}},"75":{"start":{"line":1,"column":4037},"end":{"line":1,"column":4130}},"76":{"start":{"line":1,"column":4082},"end":{"line":1,"column":4105}},"77":{"start":{"line":1,"column":4108},"end":{"line":1,"column":4112}},"78":{"start":{"line":1,"column":4113},"end":{"line":1,"column":4129}},"79":{"start":{"line":1,"column":4130},"end":{"line":1,"column":4138}},"80":{"start":{"line":1,"column":4182},"end":{"line":1,"column":4222}},"81":{"start":{"line":1,"column":4250},"end":{"line":1,"column":4271}},"82":{"start":{"line":1,"column":4280},"end":{"line":1,"column":4757}},"83":{"start":{"line":1,"column":4294},"end":{"line":1,"column":4448}},"84":{"start":{"line":1,"column":4454},"end":{"line":1,"column":4588}},"85":{"start":{"line":1,"column":4589},"end":{"line":1,"column":4756}},"86":{"start":{"line":1,"column":4661},"end":{"line":1,"column":4715}},"87":{"start":{"line":1,"column":4735},"end":{"line":1,"column":4754}},"88":{"start":{"line":1,"column":4758},"end":{"line":1,"column":4782}}},"fnMap":{"0":{"name":"(anonymous_0)","decl":{"start":{"line":1,"column":208},"end":{"line":1,"column":209}},"loc":{"start":{"line":1,"column":221},"end":{"line":1,"column":300}},"line":1},"1":{"name":"(anonymous_1)","decl":{"start":{"line":1,"column":313},"end":{"line":1,"column":314}},"loc":{"start":{"line":1,"column":323},"end":{"line":1,"column":553}},"line":1},"2":{"name":"e","decl":{"start":{"line":1,"column":333},"end":{"line":1,"column":334}},"loc":{"start":{"line":1,"column":339},"end":{"line":1,"column":490}},"line":1},"3":{"name":"(anonymous_3)","decl":{"start":{"line":1,"column":497},"end":{"line":1,"column":498}},"loc":{"start":{"line":1,"column":512},"end":{"line":1,"column":552}},"line":1},"4":{"name":"(anonymous_4)","decl":{"start":{"line":1,"column":597},"end":{"line":1,"column":598}},"loc":{"start":{"line":1,"column":607},"end":{"line":1,"column":4229}},"line":1},"5":{"name":"e","decl":{"start":{"line":1,"column":617},"end":{"line":1,"column":618}},"loc":{"start":{"line":1,"column":620},"end":{"line":1,"column":903}},"line":1},"6":{"name":"(anonymous_6)","decl":{"start":{"line":1,"column":949},"end":{"line":1,"column":950}},"loc":{"start":{"line":1,"column":960},"end":{"line":1,"column":1476}},"line":1},"7":{"name":"(anonymous_7)","decl":{"start":{"line":1,"column":1284},"end":{"line":1,"column":1285}},"loc":{"start":{"line":1,"column":1295},"end":{"line":1,"column":1400}},"line":1},"8":{"name":"(anonymous_8)","decl":{"start":{"line":1,"column":1408},"end":{"line":1,"column":1409}},"loc":{"start":{"line":1,"column":1419},"end":{"line":1,"column":1474}},"line":1},"9":{"name":"(anonymous_9)","decl":{"start":{"line":1,"column":1507},"end":{"line":1,"column":1508}},"loc":{"start":{"line":1,"column":1518},"end":{"line":1,"column":1655}},"line":1},"10":{"name":"(anonymous_10)","decl":{"start":{"line":1,"column":1597},"end":{"line":1,"column":1598}},"loc":{"start":{"line":1,"column":1608},"end":{"line":1,"column":1653}},"line":1},"11":{"name":"(anonymous_11)","decl":{"start":{"line":1,"column":1684},"end":{"line":1,"column":1685}},"loc":{"start":{"line":1,"column":1695},"end":{"line":1,"column":1898}},"line":1},"12":{"name":"(anonymous_12)","decl":{"start":{"line":1,"column":1769},"end":{"line":1,"column":1770}},"loc":{"start":{"line":1,"column":1780},"end":{"line":1,"column":1825}},"line":1},"13":{"name":"(anonymous_13)","decl":{"start":{"line":1,"column":1933},"end":{"line":1,"column":1934}},"loc":{"start":{"line":1,"column":1944},"end":{"line":1,"column":2053}},"line":1},"14":{"name":"(anonymous_14)","decl":{"start":{"line":1,"column":1970},"end":{"line":1,"column":1971}},"loc":{"start":{"line":1,"column":1981},"end":{"line":1,"column":2027}},"line":1},"15":{"name":"(anonymous_15)","decl":{"start":{"line":1,"column":2089},"end":{"line":1,"column":2090}},"loc":{"start":{"line":1,"column":2102},"end":{"line":1,"column":2214}},"line":1},"16":{"name":"(anonymous_16)","decl":{"start":{"line":1,"column":2131},"end":{"line":1,"column":2132}},"loc":{"start":{"line":1,"column":2142},"end":{"line":1,"column":2188}},"line":1},"17":{"name":"(anonymous_17)","decl":{"start":{"line":1,"column":2241},"end":{"line":1,"column":2242}},"loc":{"start":{"line":1,"column":2252},"end":{"line":1,"column":2430}},"line":1},"18":{"name":"(anonymous_18)","decl":{"start":{"line":1,"column":2457},"end":{"line":1,"column":2458}},"loc":{"start":{"line":1,"column":2470},"end":{"line":1,"column":2968}},"line":1},"19":{"name":"(anonymous_19)","decl":{"start":{"line":1,"column":2825},"end":{"line":1,"column":2826}},"loc":{"start":{"line":1,"column":2836},"end":{"line":1,"column":2894}},"line":1},"20":{"name":"(anonymous_20)","decl":{"start":{"line":1,"column":2902},"end":{"line":1,"column":2903}},"loc":{"start":{"line":1,"column":2913},"end":{"line":1,"column":2966}},"line":1},"21":{"name":"(anonymous_21)","decl":{"start":{"line":1,"column":3001},"end":{"line":1,"column":3002}},"loc":{"start":{"line":1,"column":3014},"end":{"line":1,"column":4001}},"line":1},"22":{"name":"(anonymous_22)","decl":{"start":{"line":1,"column":3152},"end":{"line":1,"column":3153}},"loc":{"start":{"line":1,"column":3163},"end":{"line":1,"column":3999}},"line":1},"23":{"name":"(anonymous_23)","decl":{"start":{"line":1,"column":3282},"end":{"line":1,"column":3283}},"loc":{"start":{"line":1,"column":3293},"end":{"line":1,"column":3308}},"line":1},"24":{"name":"(anonymous_24)","decl":{"start":{"line":1,"column":3318},"end":{"line":1,"column":3319}},"loc":{"start":{"line":1,"column":3329},"end":{"line":1,"column":3354}},"line":1},"25":{"name":"(anonymous_25)","decl":{"start":{"line":1,"column":3367},"end":{"line":1,"column":3368}},"loc":{"start":{"line":1,"column":3378},"end":{"line":1,"column":3405}},"line":1},"26":{"name":"(anonymous_26)","decl":{"start":{"line":1,"column":3418},"end":{"line":1,"column":3419}},"loc":{"start":{"line":1,"column":3429},"end":{"line":1,"column":3459}},"line":1},"27":{"name":"(anonymous_27)","decl":{"start":{"line":1,"column":3472},"end":{"line":1,"column":3473}},"loc":{"start":{"line":1,"column":3483},"end":{"line":1,"column":3507}},"line":1},"28":{"name":"(anonymous_28)","decl":{"start":{"line":1,"column":3520},"end":{"line":1,"column":3521}},"loc":{"start":{"line":1,"column":3531},"end":{"line":1,"column":3562}},"line":1},"29":{"name":"(anonymous_29)","decl":{"start":{"line":1,"column":4025},"end":{"line":1,"column":4026}},"loc":{"start":{"line":1,"column":4036},"end":{"line":1,"column":4139}},"line":1},"30":{"name":"(anonymous_30)","decl":{"start":{"line":1,"column":4168},"end":{"line":1,"column":4169}},"loc":{"start":{"line":1,"column":4181},"end":{"line":1,"column":4223}},"line":1},"31":{"name":"(anonymous_31)","decl":{"start":{"line":1,"column":4280},"end":{"line":1,"column":4281}},"loc":{"start":{"line":1,"column":4293},"end":{"line":1,"column":4757}},"line":1},"32":{"name":"(anonymous_32)","decl":{"start":{"line":1,"column":4649},"end":{"line":1,"column":4650}},"loc":{"start":{"line":1,"column":4660},"end":{"line":1,"column":4716}},"line":1},"33":{"name":"(anonymous_33)","decl":{"start":{"line":1,"column":4724},"end":{"line":1,"column":4725}},"loc":{"start":{"line":1,"column":4734},"end":{"line":1,"column":4755}},"line":1}},"branchMap":{"0":{"loc":{"start":{"line":1,"column":222},"end":{"line":1,"column":299}},"type":"if","locations":[{"start":{"line":1,"column":222},"end":{"line":1,"column":299}},{"start":{"line":1,"column":222},"end":{"line":1,"column":299}}],"line":1},"1":{"loc":{"start":{"line":1,"column":392},"end":{"line":1,"column":408}},"type":"binary-expr","locations":[{"start":{"line":1,"column":392},"end":{"line":1,"column":404}},{"start":{"line":1,"column":406},"end":{"line":1,"column":408}}],"line":1},"2":{"loc":{"start":{"line":1,"column":427},"end":{"line":1,"column":455}},"type":"binary-expr","locations":[{"start":{"line":1,"column":427},"end":{"line":1,"column":438}},{"start":{"line":1,"column":441},"end":{"line":1,"column":454}}],"line":1},"3":{"loc":{"start":{"line":1,"column":520},"end":{"line":1,"column":539}},"type":"binary-expr","locations":[{"start":{"line":1,"column":520},"end":{"line":1,"column":521}},{"start":{"line":1,"column":523},"end":{"line":1,"column":539}}],"line":1},"4":{"loc":{"start":{"line":1,"column":540},"end":{"line":1,"column":549}},"type":"binary-expr","locations":[{"start":{"line":1,"column":540},"end":{"line":1,"column":541}},{"start":{"line":1,"column":543},"end":{"line":1,"column":549}}],"line":1},"5":{"loc":{"start":{"line":1,"column":961},"end":{"line":1,"column":1127}},"type":"if","locations":[{"start":{"line":1,"column":961},"end":{"line":1,"column":1127}},{"start":{"line":1,"column":961},"end":{"line":1,"column":1127}}],"line":1},"6":{"loc":{"start":{"line":1,"column":1453},"end":{"line":1,"column":1472}},"type":"binary-expr","locations":[{"start":{"line":1,"column":1453},"end":{"line":1,"column":1462}},{"start":{"line":1,"column":1464},"end":{"line":1,"column":1472}}],"line":1},"7":{"loc":{"start":{"line":1,"column":1525},"end":{"line":1,"column":1582}},"type":"cond-expr","locations":[{"start":{"line":1,"column":1567},"end":{"line":1,"column":1579}},{"start":{"line":1,"column":1580},"end":{"line":1,"column":1582}}],"line":1},"8":{"loc":{"start":{"line":1,"column":1525},"end":{"line":1,"column":1566}},"type":"binary-expr","locations":[{"start":{"line":1,"column":1525},"end":{"line":1,"column":1543}},{"start":{"line":1,"column":1545},"end":{"line":1,"column":1566}}],"line":1},"9":{"loc":{"start":{"line":1,"column":1702},"end":{"line":1,"column":1759}},"type":"cond-expr","locations":[{"start":{"line":1,"column":1744},"end":{"line":1,"column":1756}},{"start":{"line":1,"column":1757},"end":{"line":1,"column":1759}}],"line":1},"10":{"loc":{"start":{"line":1,"column":1702},"end":{"line":1,"column":1743}},"type":"binary-expr","locations":[{"start":{"line":1,"column":1702},"end":{"line":1,"column":1720}},{"start":{"line":1,"column":1722},"end":{"line":1,"column":1743}}],"line":1},"11":{"loc":{"start":{"line":1,"column":1865},"end":{"line":1,"column":1870}},"type":"binary-expr","locations":[{"start":{"line":1,"column":1865},"end":{"line":1,"column":1866}},{"start":{"line":1,"column":1868},"end":{"line":1,"column":1870}}],"line":1},"12":{"loc":{"start":{"line":1,"column":2259},"end":{"line":1,"column":2354}},"type":"cond-expr","locations":[{"start":{"line":1,"column":2269},"end":{"line":1,"column":2278}},{"start":{"line":1,"column":2279},"end":{"line":1,"column":2354}}],"line":1},"13":{"loc":{"start":{"line":1,"column":2279},"end":{"line":1,"column":2354}},"type":"cond-expr","locations":[{"start":{"line":1,"column":2288},"end":{"line":1,"column":2315}},{"start":{"line":1,"column":2316},"end":{"line":1,"column":2354}}],"line":1},"14":{"loc":{"start":{"line":1,"column":2945},"end":{"line":1,"column":2964}},"type":"binary-expr","locations":[{"start":{"line":1,"column":2945},"end":{"line":1,"column":2954}},{"start":{"line":1,"column":2956},"end":{"line":1,"column":2964}}],"line":1},"15":{"loc":{"start":{"line":1,"column":3239},"end":{"line":1,"column":3701}},"type":"if","locations":[{"start":{"line":1,"column":3239},"end":{"line":1,"column":3701}},{"start":{"line":1,"column":3239},"end":{"line":1,"column":3701}}],"line":1},"16":{"loc":{"start":{"line":1,"column":3242},"end":{"line":1,"column":3262}},"type":"binary-expr","locations":[{"start":{"line":1,"column":3242},"end":{"line":1,"column":3250}},{"start":{"line":1,"column":3252},"end":{"line":1,"column":3262}}],"line":1},"17":{"loc":{"start":{"line":1,"column":3576},"end":{"line":1,"column":3591}},"type":"cond-expr","locations":[{"start":{"line":1,"column":3585},"end":{"line":1,"column":3586}},{"start":{"line":1,"column":3587},"end":{"line":1,"column":3591}}],"line":1},"18":{"loc":{"start":{"line":1,"column":3599},"end":{"line":1,"column":3614}},"type":"cond-expr","locations":[{"start":{"line":1,"column":3608},"end":{"line":1,"column":3609}},{"start":{"line":1,"column":3610},"end":{"line":1,"column":3614}}],"line":1},"19":{"loc":{"start":{"line":1,"column":3624},"end":{"line":1,"column":3639}},"type":"cond-expr","locations":[{"start":{"line":1,"column":3633},"end":{"line":1,"column":3634}},{"start":{"line":1,"column":3635},"end":{"line":1,"column":3639}}],"line":1},"20":{"loc":{"start":{"line":1,"column":3652},"end":{"line":1,"column":3667}},"type":"cond-expr","locations":[{"start":{"line":1,"column":3661},"end":{"line":1,"column":3662}},{"start":{"line":1,"column":3663},"end":{"line":1,"column":3667}}],"line":1},"21":{"loc":{"start":{"line":1,"column":3684},"end":{"line":1,"column":3699}},"type":"cond-expr","locations":[{"start":{"line":1,"column":3693},"end":{"line":1,"column":3694}},{"start":{"line":1,"column":3695},"end":{"line":1,"column":3699}}],"line":1},"22":{"loc":{"start":{"line":1,"column":3707},"end":{"line":1,"column":3750}},"type":"binary-expr","locations":[{"start":{"line":1,"column":3707},"end":{"line":1,"column":3715}},{"start":{"line":1,"column":3717},"end":{"line":1,"column":3723}},{"start":{"line":1,"column":3725},"end":{"line":1,"column":3733}},{"start":{"line":1,"column":3735},"end":{"line":1,"column":3746}},{"start":{"line":1,"column":3748},"end":{"line":1,"column":3750}}],"line":1},"23":{"loc":{"start":{"line":1,"column":3842},"end":{"line":1,"column":3957}},"type":"if","locations":[{"start":{"line":1,"column":3842},"end":{"line":1,"column":3957}},{"start":{"line":1,"column":3842},"end":{"line":1,"column":3957}}],"line":1},"24":{"loc":{"start":{"line":1,"column":3845},"end":{"line":1,"column":3865}},"type":"binary-expr","locations":[{"start":{"line":1,"column":3845},"end":{"line":1,"column":3853}},{"start":{"line":1,"column":3855},"end":{"line":1,"column":3865}}],"line":1},"25":{"loc":{"start":{"line":1,"column":3895},"end":{"line":1,"column":3931}},"type":"cond-expr","locations":[{"start":{"line":1,"column":3913},"end":{"line":1,"column":3921}},{"start":{"line":1,"column":3922},"end":{"line":1,"column":3931}}],"line":1}},"s":{"0":1,"1":1,"2":1,"3":1,"4":1,"5":0,"6":1,"7":1,"8":10,"9":10,"10":1,"11":1,"12":1,"13":1,"14":1,"15":1,"16":1,"17":0,"18":1,"19":1,"20":1,"21":0,"22":0,"23":1,"24":1,"25":1,"26":1,"27":1,"28":1,"29":1,"30":1,"31":0,"32":0,"33":0,"34":0,"35":0,"36":0,"37":0,"38":0,"39":0,"40":0,"41":0,"42":0,"43":0,"44":0,"45":0,"46":0,"47":0,"48":0,"49":0,"50":0,"51":0,"52":0,"53":0,"54":0,"55":0,"56":0,"57":0,"58":0,"59":0,"60":0,"61":0,"62":0,"63":0,"64":0,"65":0,"66":0,"67":0,"68":0,"69":0,"70":0,"71":0,"72":0,"73":0,"74":0,"75":0,"76":0,"77":0,"78":0,"79":0,"80":0,"81":1,"82":1,"83":1,"84":1,"85":1,"86":0,"87":0,"88":1},"f":{"0":1,"1":1,"2":1,"3":1,"4":1,"5":1,"6":1,"7":0,"8":0,"9":1,"10":1,"11":1,"12":1,"13":1,"14":0,"15":0,"16":0,"17":0,"18":0,"19":0,"20":0,"21":0,"22":0,"23":0,"24":0,"25":0,"26":0,"27":0,"28":0,"29":0,"30":0,"31":1,"32":0,"33":0},"b":{"0":[0,1],"1":[10,10],"2":[10,10],"3":[1,1],"4":[1,0],"5":[0,1],"6":[0,0],"7":[1,0],"8":[1,1],"9":[1,0],"10":[1,1],"11":[1,0],"12":[0,0],"13":[0,0],"14":[0,0],"15":[0,0],"16":[0,0],"17":[0,0],"18":[0,0],"19":[0,0],"20":[0,0],"21":[0,0],"22":[0,0,0,0,0],"23":[0,0],"24":[0,0],"25":[0,0]},"_coverageSchema":"332fd63041d2c1bcb487cc26dd0d5f7d97098a6c","hash":"096506775cfe86c5226e55e31207ca22d2c65b5d"}
}
